<html>
<head>
<title>TestNG:  CommandLine</title>
<link href="../testng.css" rel="stylesheet" type="text/css" />
<link href="../my-testng.css" rel="stylesheet" type="text/css" />

<style type="text/css">
.log { display: none;} 
.stack-trace { display: none;} 
</style>
<script type="text/javascript">
<!--
function flip(e) {
  current = e.style.display;
  if (current == 'block') {
    e.style.display = 'none';
    return 0;
  }
  else {
    e.style.display = 'block';
    return 1;
  }
}

function toggleBox(szDivId, elem, msg1, msg2)
{
  var res = -1;  if (document.getElementById) {
    res = flip(document.getElementById(szDivId));
  }
  else if (document.all) {
    // this is the way old msie versions work
    res = flip(document.all[szDivId]);
  }
  if(elem) {
    if(res == 0) elem.innerHTML = msg1; else elem.innerHTML = msg2;
  }

}

function toggleAllBoxes() {
  if (document.getElementsByTagName) {
    d = document.getElementsByTagName('div');
    for (i = 0; i < d.length; i++) {
      if (d[i].className == 'log') {
        flip(d[i]);
      }
    }
  }
}

// -->
</script>

</head>
<body>
<h2 align='center'>CommandLine</h2><table border='1' align="center">
<tr>
<td>Tests passed/Failed/Skipped:</td><td>17/5/0</td>
</tr><tr>
<td>Started on:</td><td>Tue Mar 13 09:57:17 NDT 2012</td>
</tr>
<tr><td>Total time:</td><td>0 seconds (444 ms)</td>
</tr><tr>
<td>Included groups:</td><td></td>
</tr><tr>
<td>Excluded groups:</td><td></td>
</tr>
</table><p/>
<small><i>(Hover the method name to see the test class name)</i></small><p/>
<table width='100%' border='1' class='invocation-failed'>
<tr><td colspan='4' align='center'><b>FAILED TESTS</b></td></tr>
<tr><td><b>Test method</b></td>
<td width="30%"><b>Exception</b></td>
<td width="10%"><b>Time (seconds)</b></td>
<td><b>Instance</b></td>
</tr>
<tr>
<td title='ca.mitmaro.ldb.CommandsTest.editPaperCommand()'><b>editPaperCommand</b><br>Test class: ca.mitmaro.ldb.CommandsTest</td>
<td><div><pre>junit.framework.ComparisonFailure: expected:&lt;Paper ...&gt; but was:&lt;...&gt;
	at junit.framework.Assert.assertEquals(Assert.java:81)
	at junit.framework.Assert.assertEquals(Assert.java:87)
	at ca.mitmaro.ldb.CommandsTest.editPaperCommand(CommandsTest.java:148)
... Removed 24 stack frames</pre></div><a href='#' onClick='toggleBox("stack-trace1540815795", this, "Click to show all stack frames", "Click to hide stack frames")'>Click to show all stack frames</a>
<div class='stack-trace' id='stack-trace1540815795'><pre>junit.framework.ComparisonFailure: expected:&lt;Paper ...&gt; but was:&lt;...&gt;
	at junit.framework.Assert.assertEquals(Assert.java:81)
	at junit.framework.Assert.assertEquals(Assert.java:87)
	at ca.mitmaro.ldb.CommandsTest.editPaperCommand(CommandsTest.java:148)
	at sun.reflect.NativeMethodAccessorImpl.invoke0(Native Method)
	at sun.reflect.NativeMethodAccessorImpl.invoke(NativeMethodAccessorImpl.java:39)
	at sun.reflect.DelegatingMethodAccessorImpl.invoke(DelegatingMethodAccessorImpl.java:25)
	at java.lang.reflect.Method.invoke(Method.java:597)
	at org.testng.internal.MethodInvocationHelper.invokeMethod(MethodInvocationHelper.java:80)
	at org.testng.internal.Invoker.invokeMethod(Invoker.java:701)
	at org.testng.internal.Invoker.invokeTestMethod(Invoker.java:893)
	at org.testng.internal.Invoker.invokeTestMethods(Invoker.java:1218)
	at org.testng.internal.TestMethodWorker.invokeTestMethods(TestMethodWorker.java:127)
	at org.testng.internal.TestMethodWorker.run(TestMethodWorker.java:111)
	at org.testng.TestRunner.privateRun(TestRunner.java:768)
	at org.testng.TestRunner.run(TestRunner.java:617)
	at org.testng.SuiteRunner.runTest(SuiteRunner.java:334)
	at org.testng.SuiteRunner.runSequentially(SuiteRunner.java:329)
	at org.testng.SuiteRunner.privateRun(SuiteRunner.java:291)
	at org.testng.SuiteRunner.run(SuiteRunner.java:240)
	at org.testng.SuiteRunnerWorker.runSuite(SuiteRunnerWorker.java:53)
	at org.testng.SuiteRunnerWorker.run(SuiteRunnerWorker.java:87)
	at org.testng.TestNG.runSuitesSequentially(TestNG.java:1185)
	at org.testng.TestNG.runSuitesLocally(TestNG.java:1110)
	at org.testng.TestNG.run(TestNG.java:1022)
	at org.testng.remote.RemoteTestNG.run(RemoteTestNG.java:109)
	at org.testng.remote.RemoteTestNG.initAndRun(RemoteTestNG.java:202)
	at org.testng.remote.RemoteTestNG.main(RemoteTestNG.java:173)
</pre></div></td>
<td>0</td>
<td>ca.mitmaro.ldb.CommandsTest@4e513d61</td></tr>
<tr>
<td title='ca.mitmaro.ldb.CommandsTest.printCurrentWorkingPaperCommand()'><b>printCurrentWorkingPaperCommand</b><br>Test class: ca.mitmaro.ldb.CommandsTest</td>
<td><div><pre>java.lang.RuntimeException: Test not implemented
	at ca.mitmaro.ldb.CommandsTest.printCurrentWorkingPaperCommand(CommandsTest.java:228)
... Removed 24 stack frames</pre></div><a href='#' onClick='toggleBox("stack-trace1286943672", this, "Click to show all stack frames", "Click to hide stack frames")'>Click to show all stack frames</a>
<div class='stack-trace' id='stack-trace1286943672'><pre>java.lang.RuntimeException: Test not implemented
	at ca.mitmaro.ldb.CommandsTest.printCurrentWorkingPaperCommand(CommandsTest.java:228)
	at sun.reflect.NativeMethodAccessorImpl.invoke0(Native Method)
	at sun.reflect.NativeMethodAccessorImpl.invoke(NativeMethodAccessorImpl.java:39)
	at sun.reflect.DelegatingMethodAccessorImpl.invoke(DelegatingMethodAccessorImpl.java:25)
	at java.lang.reflect.Method.invoke(Method.java:597)
	at org.testng.internal.MethodInvocationHelper.invokeMethod(MethodInvocationHelper.java:80)
	at org.testng.internal.Invoker.invokeMethod(Invoker.java:701)
	at org.testng.internal.Invoker.invokeTestMethod(Invoker.java:893)
	at org.testng.internal.Invoker.invokeTestMethods(Invoker.java:1218)
	at org.testng.internal.TestMethodWorker.invokeTestMethods(TestMethodWorker.java:127)
	at org.testng.internal.TestMethodWorker.run(TestMethodWorker.java:111)
	at org.testng.TestRunner.privateRun(TestRunner.java:768)
	at org.testng.TestRunner.run(TestRunner.java:617)
	at org.testng.SuiteRunner.runTest(SuiteRunner.java:334)
	at org.testng.SuiteRunner.runSequentially(SuiteRunner.java:329)
	at org.testng.SuiteRunner.privateRun(SuiteRunner.java:291)
	at org.testng.SuiteRunner.run(SuiteRunner.java:240)
	at org.testng.SuiteRunnerWorker.runSuite(SuiteRunnerWorker.java:53)
	at org.testng.SuiteRunnerWorker.run(SuiteRunnerWorker.java:87)
	at org.testng.TestNG.runSuitesSequentially(TestNG.java:1185)
	at org.testng.TestNG.runSuitesLocally(TestNG.java:1110)
	at org.testng.TestNG.run(TestNG.java:1022)
	at org.testng.remote.RemoteTestNG.run(RemoteTestNG.java:109)
	at org.testng.remote.RemoteTestNG.initAndRun(RemoteTestNG.java:202)
	at org.testng.remote.RemoteTestNG.main(RemoteTestNG.java:173)
</pre></div></td>
<td>0</td>
<td>ca.mitmaro.ldb.CommandsTest@4e513d61</td></tr>
<tr>
<td title='ca.mitmaro.ldb.CommandsTest.printPaperCommand()'><b>printPaperCommand</b><br>Test class: ca.mitmaro.ldb.CommandsTest</td>
<td><div><pre>java.lang.RuntimeException: Test not implemented
	at ca.mitmaro.ldb.CommandsTest.printPaperCommand(CommandsTest.java:233)
... Removed 24 stack frames</pre></div><a href='#' onClick='toggleBox("stack-trace1940835386", this, "Click to show all stack frames", "Click to hide stack frames")'>Click to show all stack frames</a>
<div class='stack-trace' id='stack-trace1940835386'><pre>java.lang.RuntimeException: Test not implemented
	at ca.mitmaro.ldb.CommandsTest.printPaperCommand(CommandsTest.java:233)
	at sun.reflect.NativeMethodAccessorImpl.invoke0(Native Method)
	at sun.reflect.NativeMethodAccessorImpl.invoke(NativeMethodAccessorImpl.java:39)
	at sun.reflect.DelegatingMethodAccessorImpl.invoke(DelegatingMethodAccessorImpl.java:25)
	at java.lang.reflect.Method.invoke(Method.java:597)
	at org.testng.internal.MethodInvocationHelper.invokeMethod(MethodInvocationHelper.java:80)
	at org.testng.internal.Invoker.invokeMethod(Invoker.java:701)
	at org.testng.internal.Invoker.invokeTestMethod(Invoker.java:893)
	at org.testng.internal.Invoker.invokeTestMethods(Invoker.java:1218)
	at org.testng.internal.TestMethodWorker.invokeTestMethods(TestMethodWorker.java:127)
	at org.testng.internal.TestMethodWorker.run(TestMethodWorker.java:111)
	at org.testng.TestRunner.privateRun(TestRunner.java:768)
	at org.testng.TestRunner.run(TestRunner.java:617)
	at org.testng.SuiteRunner.runTest(SuiteRunner.java:334)
	at org.testng.SuiteRunner.runSequentially(SuiteRunner.java:329)
	at org.testng.SuiteRunner.privateRun(SuiteRunner.java:291)
	at org.testng.SuiteRunner.run(SuiteRunner.java:240)
	at org.testng.SuiteRunnerWorker.runSuite(SuiteRunnerWorker.java:53)
	at org.testng.SuiteRunnerWorker.run(SuiteRunnerWorker.java:87)
	at org.testng.TestNG.runSuitesSequentially(TestNG.java:1185)
	at org.testng.TestNG.runSuitesLocally(TestNG.java:1110)
	at org.testng.TestNG.run(TestNG.java:1022)
	at org.testng.remote.RemoteTestNG.run(RemoteTestNG.java:109)
	at org.testng.remote.RemoteTestNG.initAndRun(RemoteTestNG.java:202)
	at org.testng.remote.RemoteTestNG.main(RemoteTestNG.java:173)
</pre></div></td>
<td>0</td>
<td>ca.mitmaro.ldb.CommandsTest@4e513d61</td></tr>
<tr>
<td title='ca.mitmaro.ldb.CommandsTest.printReferenceCommand()'><b>printReferenceCommand</b><br>Test class: ca.mitmaro.ldb.CommandsTest</td>
<td><div><pre>java.lang.RuntimeException: Test not implemented
	at ca.mitmaro.ldb.CommandsTest.printReferenceCommand(CommandsTest.java:238)
... Removed 24 stack frames</pre></div><a href='#' onClick='toggleBox("stack-trace65098484", this, "Click to show all stack frames", "Click to hide stack frames")'>Click to show all stack frames</a>
<div class='stack-trace' id='stack-trace65098484'><pre>java.lang.RuntimeException: Test not implemented
	at ca.mitmaro.ldb.CommandsTest.printReferenceCommand(CommandsTest.java:238)
	at sun.reflect.NativeMethodAccessorImpl.invoke0(Native Method)
	at sun.reflect.NativeMethodAccessorImpl.invoke(NativeMethodAccessorImpl.java:39)
	at sun.reflect.DelegatingMethodAccessorImpl.invoke(DelegatingMethodAccessorImpl.java:25)
	at java.lang.reflect.Method.invoke(Method.java:597)
	at org.testng.internal.MethodInvocationHelper.invokeMethod(MethodInvocationHelper.java:80)
	at org.testng.internal.Invoker.invokeMethod(Invoker.java:701)
	at org.testng.internal.Invoker.invokeTestMethod(Invoker.java:893)
	at org.testng.internal.Invoker.invokeTestMethods(Invoker.java:1218)
	at org.testng.internal.TestMethodWorker.invokeTestMethods(TestMethodWorker.java:127)
	at org.testng.internal.TestMethodWorker.run(TestMethodWorker.java:111)
	at org.testng.TestRunner.privateRun(TestRunner.java:768)
	at org.testng.TestRunner.run(TestRunner.java:617)
	at org.testng.SuiteRunner.runTest(SuiteRunner.java:334)
	at org.testng.SuiteRunner.runSequentially(SuiteRunner.java:329)
	at org.testng.SuiteRunner.privateRun(SuiteRunner.java:291)
	at org.testng.SuiteRunner.run(SuiteRunner.java:240)
	at org.testng.SuiteRunnerWorker.runSuite(SuiteRunnerWorker.java:53)
	at org.testng.SuiteRunnerWorker.run(SuiteRunnerWorker.java:87)
	at org.testng.TestNG.runSuitesSequentially(TestNG.java:1185)
	at org.testng.TestNG.runSuitesLocally(TestNG.java:1110)
	at org.testng.TestNG.run(TestNG.java:1022)
	at org.testng.remote.RemoteTestNG.run(RemoteTestNG.java:109)
	at org.testng.remote.RemoteTestNG.initAndRun(RemoteTestNG.java:202)
	at org.testng.remote.RemoteTestNG.main(RemoteTestNG.java:173)
</pre></div></td>
<td>0</td>
<td>ca.mitmaro.ldb.CommandsTest@4e513d61</td></tr>
<tr>
<td title='ca.mitmaro.ldb.CommandsTest.setCurrentWorkingPaperCommand()'><b>setCurrentWorkingPaperCommand</b><br>Test class: ca.mitmaro.ldb.CommandsTest</td>
<td><div><pre>java.lang.RuntimeException: Test not implemented
	at ca.mitmaro.ldb.CommandsTest.setCurrentWorkingPaperCommand(CommandsTest.java:243)
... Removed 24 stack frames</pre></div><a href='#' onClick='toggleBox("stack-trace443696330", this, "Click to show all stack frames", "Click to hide stack frames")'>Click to show all stack frames</a>
<div class='stack-trace' id='stack-trace443696330'><pre>java.lang.RuntimeException: Test not implemented
	at ca.mitmaro.ldb.CommandsTest.setCurrentWorkingPaperCommand(CommandsTest.java:243)
	at sun.reflect.NativeMethodAccessorImpl.invoke0(Native Method)
	at sun.reflect.NativeMethodAccessorImpl.invoke(NativeMethodAccessorImpl.java:39)
	at sun.reflect.DelegatingMethodAccessorImpl.invoke(DelegatingMethodAccessorImpl.java:25)
	at java.lang.reflect.Method.invoke(Method.java:597)
	at org.testng.internal.MethodInvocationHelper.invokeMethod(MethodInvocationHelper.java:80)
	at org.testng.internal.Invoker.invokeMethod(Invoker.java:701)
	at org.testng.internal.Invoker.invokeTestMethod(Invoker.java:893)
	at org.testng.internal.Invoker.invokeTestMethods(Invoker.java:1218)
	at org.testng.internal.TestMethodWorker.invokeTestMethods(TestMethodWorker.java:127)
	at org.testng.internal.TestMethodWorker.run(TestMethodWorker.java:111)
	at org.testng.TestRunner.privateRun(TestRunner.java:768)
	at org.testng.TestRunner.run(TestRunner.java:617)
	at org.testng.SuiteRunner.runTest(SuiteRunner.java:334)
	at org.testng.SuiteRunner.runSequentially(SuiteRunner.java:329)
	at org.testng.SuiteRunner.privateRun(SuiteRunner.java:291)
	at org.testng.SuiteRunner.run(SuiteRunner.java:240)
	at org.testng.SuiteRunnerWorker.runSuite(SuiteRunnerWorker.java:53)
	at org.testng.SuiteRunnerWorker.run(SuiteRunnerWorker.java:87)
	at org.testng.TestNG.runSuitesSequentially(TestNG.java:1185)
	at org.testng.TestNG.runSuitesLocally(TestNG.java:1110)
	at org.testng.TestNG.run(TestNG.java:1022)
	at org.testng.remote.RemoteTestNG.run(RemoteTestNG.java:109)
	at org.testng.remote.RemoteTestNG.initAndRun(RemoteTestNG.java:202)
	at org.testng.remote.RemoteTestNG.main(RemoteTestNG.java:173)
</pre></div></td>
<td>0</td>
<td>ca.mitmaro.ldb.CommandsTest@4e513d61</td></tr>
</table><p>
<table width='100%' border='1' class='invocation-passed'>
<tr><td colspan='4' align='center'><b>PASSED TESTS</b></td></tr>
<tr><td><b>Test method</b></td>
<td width="30%"><b>Exception</b></td>
<td width="10%"><b>Time (seconds)</b></td>
<td><b>Instance</b></td>
</tr>
<tr>
<td title='ca.mitmaro.ldb.CommandsTest.addPaperCommand()'><b>addPaperCommand</b><br>Test class: ca.mitmaro.ldb.CommandsTest</td>
<td></td>
<td>0</td>
<td>ca.mitmaro.ldb.CommandsTest@4e513d61</td></tr>
<tr>
<td title='ca.mitmaro.ldb.CommandsTest.addPaperCommand_fail()'><b>addPaperCommand_fail</b><br>Test class: ca.mitmaro.ldb.CommandsTest</td>
<td><div><pre>java.lang.IllegalArgumentException: Missing parameter.
	at ca.mitmaro.ldb.Commands.addPaperCommand(Commands.java:74)
	at ca.mitmaro.ldb.CommandsTest.addPaperCommand_fail(CommandsTest.java:50)
... Removed 24 stack frames</pre></div><a href='#' onClick='toggleBox("stack-trace948074856", this, "Click to show all stack frames", "Click to hide stack frames")'>Click to show all stack frames</a>
<div class='stack-trace' id='stack-trace948074856'><pre>java.lang.IllegalArgumentException: Missing parameter.
	at ca.mitmaro.ldb.Commands.addPaperCommand(Commands.java:74)
	at ca.mitmaro.ldb.CommandsTest.addPaperCommand_fail(CommandsTest.java:50)
	at sun.reflect.NativeMethodAccessorImpl.invoke0(Native Method)
	at sun.reflect.NativeMethodAccessorImpl.invoke(NativeMethodAccessorImpl.java:39)
	at sun.reflect.DelegatingMethodAccessorImpl.invoke(DelegatingMethodAccessorImpl.java:25)
	at java.lang.reflect.Method.invoke(Method.java:597)
	at org.testng.internal.MethodInvocationHelper.invokeMethod(MethodInvocationHelper.java:80)
	at org.testng.internal.Invoker.invokeMethod(Invoker.java:701)
	at org.testng.internal.Invoker.invokeTestMethod(Invoker.java:893)
	at org.testng.internal.Invoker.invokeTestMethods(Invoker.java:1218)
	at org.testng.internal.TestMethodWorker.invokeTestMethods(TestMethodWorker.java:127)
	at org.testng.internal.TestMethodWorker.run(TestMethodWorker.java:111)
	at org.testng.TestRunner.privateRun(TestRunner.java:768)
	at org.testng.TestRunner.run(TestRunner.java:617)
	at org.testng.SuiteRunner.runTest(SuiteRunner.java:334)
	at org.testng.SuiteRunner.runSequentially(SuiteRunner.java:329)
	at org.testng.SuiteRunner.privateRun(SuiteRunner.java:291)
	at org.testng.SuiteRunner.run(SuiteRunner.java:240)
	at org.testng.SuiteRunnerWorker.runSuite(SuiteRunnerWorker.java:53)
	at org.testng.SuiteRunnerWorker.run(SuiteRunnerWorker.java:87)
	at org.testng.TestNG.runSuitesSequentially(TestNG.java:1185)
	at org.testng.TestNG.runSuitesLocally(TestNG.java:1110)
	at org.testng.TestNG.run(TestNG.java:1022)
	at org.testng.remote.RemoteTestNG.run(RemoteTestNG.java:109)
	at org.testng.remote.RemoteTestNG.initAndRun(RemoteTestNG.java:202)
	at org.testng.remote.RemoteTestNG.main(RemoteTestNG.java:173)
</pre></div></td>
<td>0</td>
<td>ca.mitmaro.ldb.CommandsTest@4e513d61</td></tr>
<tr>
<td title='ca.mitmaro.ldb.CommandsTest.addReferenceCommand()'><b>addReferenceCommand</b><br>Test class: ca.mitmaro.ldb.CommandsTest</td>
<td></td>
<td>0</td>
<td>ca.mitmaro.ldb.CommandsTest@4e513d61</td></tr>
<tr>
<td title='ca.mitmaro.ldb.CommandsTest.addReferenceCommand_fail()'><b>addReferenceCommand_fail</b><br>Test class: ca.mitmaro.ldb.CommandsTest</td>
<td><div><pre>java.lang.IllegalArgumentException: Missing parameter.
	at ca.mitmaro.ldb.Commands.addPaperCommand(Commands.java:74)
	at ca.mitmaro.ldb.CommandsTest.addReferenceCommand_fail(CommandsTest.java:63)
... Removed 24 stack frames</pre></div><a href='#' onClick='toggleBox("stack-trace1424898727", this, "Click to show all stack frames", "Click to hide stack frames")'>Click to show all stack frames</a>
<div class='stack-trace' id='stack-trace1424898727'><pre>java.lang.IllegalArgumentException: Missing parameter.
	at ca.mitmaro.ldb.Commands.addPaperCommand(Commands.java:74)
	at ca.mitmaro.ldb.CommandsTest.addReferenceCommand_fail(CommandsTest.java:63)
	at sun.reflect.NativeMethodAccessorImpl.invoke0(Native Method)
	at sun.reflect.NativeMethodAccessorImpl.invoke(NativeMethodAccessorImpl.java:39)
	at sun.reflect.DelegatingMethodAccessorImpl.invoke(DelegatingMethodAccessorImpl.java:25)
	at java.lang.reflect.Method.invoke(Method.java:597)
	at org.testng.internal.MethodInvocationHelper.invokeMethod(MethodInvocationHelper.java:80)
	at org.testng.internal.Invoker.invokeMethod(Invoker.java:701)
	at org.testng.internal.Invoker.invokeTestMethod(Invoker.java:893)
	at org.testng.internal.Invoker.invokeTestMethods(Invoker.java:1218)
	at org.testng.internal.TestMethodWorker.invokeTestMethods(TestMethodWorker.java:127)
	at org.testng.internal.TestMethodWorker.run(TestMethodWorker.java:111)
	at org.testng.TestRunner.privateRun(TestRunner.java:768)
	at org.testng.TestRunner.run(TestRunner.java:617)
	at org.testng.SuiteRunner.runTest(SuiteRunner.java:334)
	at org.testng.SuiteRunner.runSequentially(SuiteRunner.java:329)
	at org.testng.SuiteRunner.privateRun(SuiteRunner.java:291)
	at org.testng.SuiteRunner.run(SuiteRunner.java:240)
	at org.testng.SuiteRunnerWorker.runSuite(SuiteRunnerWorker.java:53)
	at org.testng.SuiteRunnerWorker.run(SuiteRunnerWorker.java:87)
	at org.testng.TestNG.runSuitesSequentially(TestNG.java:1185)
	at org.testng.TestNG.runSuitesLocally(TestNG.java:1110)
	at org.testng.TestNG.run(TestNG.java:1022)
	at org.testng.remote.RemoteTestNG.run(RemoteTestNG.java:109)
	at org.testng.remote.RemoteTestNG.initAndRun(RemoteTestNG.java:202)
	at org.testng.remote.RemoteTestNG.main(RemoteTestNG.java:173)
</pre></div></td>
<td>0</td>
<td>ca.mitmaro.ldb.CommandsTest@4e513d61</td></tr>
<tr>
<td title='ca.mitmaro.ldb.CommandsTest.clearPaperCommand()'><b>clearPaperCommand</b><br>Test class: ca.mitmaro.ldb.CommandsTest</td>
<td></td>
<td>0</td>
<td>ca.mitmaro.ldb.CommandsTest@4e513d61</td></tr>
<tr>
<td title='ca.mitmaro.ldb.CommandsTest.clearPaperCommand_fail()'><b>clearPaperCommand_fail</b><br>Test class: ca.mitmaro.ldb.CommandsTest</td>
<td><div><pre>java.lang.IllegalArgumentException: Unkown Parameter
	at ca.mitmaro.ldb.Commands.clearPaperCommand(Commands.java:107)
	at ca.mitmaro.ldb.CommandsTest.clearPaperCommand_fail(CommandsTest.java:76)
... Removed 24 stack frames</pre></div><a href='#' onClick='toggleBox("stack-trace2144255135", this, "Click to show all stack frames", "Click to hide stack frames")'>Click to show all stack frames</a>
<div class='stack-trace' id='stack-trace2144255135'><pre>java.lang.IllegalArgumentException: Unkown Parameter
	at ca.mitmaro.ldb.Commands.clearPaperCommand(Commands.java:107)
	at ca.mitmaro.ldb.CommandsTest.clearPaperCommand_fail(CommandsTest.java:76)
	at sun.reflect.NativeMethodAccessorImpl.invoke0(Native Method)
	at sun.reflect.NativeMethodAccessorImpl.invoke(NativeMethodAccessorImpl.java:39)
	at sun.reflect.DelegatingMethodAccessorImpl.invoke(DelegatingMethodAccessorImpl.java:25)
	at java.lang.reflect.Method.invoke(Method.java:597)
	at org.testng.internal.MethodInvocationHelper.invokeMethod(MethodInvocationHelper.java:80)
	at org.testng.internal.Invoker.invokeMethod(Invoker.java:701)
	at org.testng.internal.Invoker.invokeTestMethod(Invoker.java:893)
	at org.testng.internal.Invoker.invokeTestMethods(Invoker.java:1218)
	at org.testng.internal.TestMethodWorker.invokeTestMethods(TestMethodWorker.java:127)
	at org.testng.internal.TestMethodWorker.run(TestMethodWorker.java:111)
	at org.testng.TestRunner.privateRun(TestRunner.java:768)
	at org.testng.TestRunner.run(TestRunner.java:617)
	at org.testng.SuiteRunner.runTest(SuiteRunner.java:334)
	at org.testng.SuiteRunner.runSequentially(SuiteRunner.java:329)
	at org.testng.SuiteRunner.privateRun(SuiteRunner.java:291)
	at org.testng.SuiteRunner.run(SuiteRunner.java:240)
	at org.testng.SuiteRunnerWorker.runSuite(SuiteRunnerWorker.java:53)
	at org.testng.SuiteRunnerWorker.run(SuiteRunnerWorker.java:87)
	at org.testng.TestNG.runSuitesSequentially(TestNG.java:1185)
	at org.testng.TestNG.runSuitesLocally(TestNG.java:1110)
	at org.testng.TestNG.run(TestNG.java:1022)
	at org.testng.remote.RemoteTestNG.run(RemoteTestNG.java:109)
	at org.testng.remote.RemoteTestNG.initAndRun(RemoteTestNG.java:202)
	at org.testng.remote.RemoteTestNG.main(RemoteTestNG.java:173)
</pre></div></td>
<td>0</td>
<td>ca.mitmaro.ldb.CommandsTest@4e513d61</td></tr>
<tr>
<td title='ca.mitmaro.ldb.CommandsTest.clearReferenceCommand()'><b>clearReferenceCommand</b><br>Test class: ca.mitmaro.ldb.CommandsTest</td>
<td></td>
<td>0</td>
<td>ca.mitmaro.ldb.CommandsTest@4e513d61</td></tr>
<tr>
<td title='ca.mitmaro.ldb.CommandsTest.clearReferenceCommand_fail()'><b>clearReferenceCommand_fail</b><br>Test class: ca.mitmaro.ldb.CommandsTest</td>
<td><div><pre>java.lang.IllegalArgumentException: Unkown Parameter
	at ca.mitmaro.ldb.Commands.clearReferenceCommand(Commands.java:123)
	at ca.mitmaro.ldb.CommandsTest.clearReferenceCommand_fail(CommandsTest.java:89)
... Removed 24 stack frames</pre></div><a href='#' onClick='toggleBox("stack-trace342983234", this, "Click to show all stack frames", "Click to hide stack frames")'>Click to show all stack frames</a>
<div class='stack-trace' id='stack-trace342983234'><pre>java.lang.IllegalArgumentException: Unkown Parameter
	at ca.mitmaro.ldb.Commands.clearReferenceCommand(Commands.java:123)
	at ca.mitmaro.ldb.CommandsTest.clearReferenceCommand_fail(CommandsTest.java:89)
	at sun.reflect.NativeMethodAccessorImpl.invoke0(Native Method)
	at sun.reflect.NativeMethodAccessorImpl.invoke(NativeMethodAccessorImpl.java:39)
	at sun.reflect.DelegatingMethodAccessorImpl.invoke(DelegatingMethodAccessorImpl.java:25)
	at java.lang.reflect.Method.invoke(Method.java:597)
	at org.testng.internal.MethodInvocationHelper.invokeMethod(MethodInvocationHelper.java:80)
	at org.testng.internal.Invoker.invokeMethod(Invoker.java:701)
	at org.testng.internal.Invoker.invokeTestMethod(Invoker.java:893)
	at org.testng.internal.Invoker.invokeTestMethods(Invoker.java:1218)
	at org.testng.internal.TestMethodWorker.invokeTestMethods(TestMethodWorker.java:127)
	at org.testng.internal.TestMethodWorker.run(TestMethodWorker.java:111)
	at org.testng.TestRunner.privateRun(TestRunner.java:768)
	at org.testng.TestRunner.run(TestRunner.java:617)
	at org.testng.SuiteRunner.runTest(SuiteRunner.java:334)
	at org.testng.SuiteRunner.runSequentially(SuiteRunner.java:329)
	at org.testng.SuiteRunner.privateRun(SuiteRunner.java:291)
	at org.testng.SuiteRunner.run(SuiteRunner.java:240)
	at org.testng.SuiteRunnerWorker.runSuite(SuiteRunnerWorker.java:53)
	at org.testng.SuiteRunnerWorker.run(SuiteRunnerWorker.java:87)
	at org.testng.TestNG.runSuitesSequentially(TestNG.java:1185)
	at org.testng.TestNG.runSuitesLocally(TestNG.java:1110)
	at org.testng.TestNG.run(TestNG.java:1022)
	at org.testng.remote.RemoteTestNG.run(RemoteTestNG.java:109)
	at org.testng.remote.RemoteTestNG.initAndRun(RemoteTestNG.java:202)
	at org.testng.remote.RemoteTestNG.main(RemoteTestNG.java:173)
</pre></div></td>
<td>0</td>
<td>ca.mitmaro.ldb.CommandsTest@4e513d61</td></tr>
<tr>
<td title='ca.mitmaro.ldb.CommandsTest.editPaperCommand_missingPaper()'><b>editPaperCommand_missingPaper</b><br>Test class: ca.mitmaro.ldb.CommandsTest</td>
<td><div><pre>java.lang.IllegalArgumentException: Invalid paper.
	at ca.mitmaro.ldb.Commands.editPaperCommand(Commands.java:161)
	at ca.mitmaro.ldb.CommandsTest.editPaperCommand_missingPaper(CommandsTest.java:163)
... Removed 24 stack frames</pre></div><a href='#' onClick='toggleBox("stack-trace1288022528", this, "Click to show all stack frames", "Click to hide stack frames")'>Click to show all stack frames</a>
<div class='stack-trace' id='stack-trace1288022528'><pre>java.lang.IllegalArgumentException: Invalid paper.
	at ca.mitmaro.ldb.Commands.editPaperCommand(Commands.java:161)
	at ca.mitmaro.ldb.CommandsTest.editPaperCommand_missingPaper(CommandsTest.java:163)
	at sun.reflect.NativeMethodAccessorImpl.invoke0(Native Method)
	at sun.reflect.NativeMethodAccessorImpl.invoke(NativeMethodAccessorImpl.java:39)
	at sun.reflect.DelegatingMethodAccessorImpl.invoke(DelegatingMethodAccessorImpl.java:25)
	at java.lang.reflect.Method.invoke(Method.java:597)
	at org.testng.internal.MethodInvocationHelper.invokeMethod(MethodInvocationHelper.java:80)
	at org.testng.internal.Invoker.invokeMethod(Invoker.java:701)
	at org.testng.internal.Invoker.invokeTestMethod(Invoker.java:893)
	at org.testng.internal.Invoker.invokeTestMethods(Invoker.java:1218)
	at org.testng.internal.TestMethodWorker.invokeTestMethods(TestMethodWorker.java:127)
	at org.testng.internal.TestMethodWorker.run(TestMethodWorker.java:111)
	at org.testng.TestRunner.privateRun(TestRunner.java:768)
	at org.testng.TestRunner.run(TestRunner.java:617)
	at org.testng.SuiteRunner.runTest(SuiteRunner.java:334)
	at org.testng.SuiteRunner.runSequentially(SuiteRunner.java:329)
	at org.testng.SuiteRunner.privateRun(SuiteRunner.java:291)
	at org.testng.SuiteRunner.run(SuiteRunner.java:240)
	at org.testng.SuiteRunnerWorker.runSuite(SuiteRunnerWorker.java:53)
	at org.testng.SuiteRunnerWorker.run(SuiteRunnerWorker.java:87)
	at org.testng.TestNG.runSuitesSequentially(TestNG.java:1185)
	at org.testng.TestNG.runSuitesLocally(TestNG.java:1110)
	at org.testng.TestNG.run(TestNG.java:1022)
	at org.testng.remote.RemoteTestNG.run(RemoteTestNG.java:109)
	at org.testng.remote.RemoteTestNG.initAndRun(RemoteTestNG.java:202)
	at org.testng.remote.RemoteTestNG.main(RemoteTestNG.java:173)
</pre></div></td>
<td>0</td>
<td>ca.mitmaro.ldb.CommandsTest@4e513d61</td></tr>
<tr>
<td title='ca.mitmaro.ldb.CommandsTest.listPaperListsCommand()'><b>listPaperListsCommand</b><br>Test class: ca.mitmaro.ldb.CommandsTest</td>
<td></td>
<td>0</td>
<td>ca.mitmaro.ldb.CommandsTest@4e513d61</td></tr>
<tr>
<td title='ca.mitmaro.ldb.CommandsTest.listPaperListsCommand_invalid()'><b>listPaperListsCommand_invalid</b><br>Test class: ca.mitmaro.ldb.CommandsTest</td>
<td><div><pre>java.lang.IllegalArgumentException: Invalid parameter(s).
	at ca.mitmaro.ldb.Commands.listPaperListsCommand(Commands.java:339)
	at ca.mitmaro.ldb.CommandsTest.listPaperListsCommand_invalid(CommandsTest.java:176)
... Removed 24 stack frames</pre></div><a href='#' onClick='toggleBox("stack-trace568432173", this, "Click to show all stack frames", "Click to hide stack frames")'>Click to show all stack frames</a>
<div class='stack-trace' id='stack-trace568432173'><pre>java.lang.IllegalArgumentException: Invalid parameter(s).
	at ca.mitmaro.ldb.Commands.listPaperListsCommand(Commands.java:339)
	at ca.mitmaro.ldb.CommandsTest.listPaperListsCommand_invalid(CommandsTest.java:176)
	at sun.reflect.NativeMethodAccessorImpl.invoke0(Native Method)
	at sun.reflect.NativeMethodAccessorImpl.invoke(NativeMethodAccessorImpl.java:39)
	at sun.reflect.DelegatingMethodAccessorImpl.invoke(DelegatingMethodAccessorImpl.java:25)
	at java.lang.reflect.Method.invoke(Method.java:597)
	at org.testng.internal.MethodInvocationHelper.invokeMethod(MethodInvocationHelper.java:80)
	at org.testng.internal.Invoker.invokeMethod(Invoker.java:701)
	at org.testng.internal.Invoker.invokeTestMethod(Invoker.java:893)
	at org.testng.internal.Invoker.invokeTestMethods(Invoker.java:1218)
	at org.testng.internal.TestMethodWorker.invokeTestMethods(TestMethodWorker.java:127)
	at org.testng.internal.TestMethodWorker.run(TestMethodWorker.java:111)
	at org.testng.TestRunner.privateRun(TestRunner.java:768)
	at org.testng.TestRunner.run(TestRunner.java:617)
	at org.testng.SuiteRunner.runTest(SuiteRunner.java:334)
	at org.testng.SuiteRunner.runSequentially(SuiteRunner.java:329)
	at org.testng.SuiteRunner.privateRun(SuiteRunner.java:291)
	at org.testng.SuiteRunner.run(SuiteRunner.java:240)
	at org.testng.SuiteRunnerWorker.runSuite(SuiteRunnerWorker.java:53)
	at org.testng.SuiteRunnerWorker.run(SuiteRunnerWorker.java:87)
	at org.testng.TestNG.runSuitesSequentially(TestNG.java:1185)
	at org.testng.TestNG.runSuitesLocally(TestNG.java:1110)
	at org.testng.TestNG.run(TestNG.java:1022)
	at org.testng.remote.RemoteTestNG.run(RemoteTestNG.java:109)
	at org.testng.remote.RemoteTestNG.initAndRun(RemoteTestNG.java:202)
	at org.testng.remote.RemoteTestNG.main(RemoteTestNG.java:173)
</pre></div></td>
<td>0</td>
<td>ca.mitmaro.ldb.CommandsTest@4e513d61</td></tr>
<tr>
<td title='ca.mitmaro.ldb.CommandsTest.listReferenceListsCommand()'><b>listReferenceListsCommand</b><br>Test class: ca.mitmaro.ldb.CommandsTest</td>
<td></td>
<td>0</td>
<td>ca.mitmaro.ldb.CommandsTest@4e513d61</td></tr>
<tr>
<td title='ca.mitmaro.ldb.CommandsTest.listReferenceListsCommand_invalid()'><b>listReferenceListsCommand_invalid</b><br>Test class: ca.mitmaro.ldb.CommandsTest</td>
<td><div><pre>java.lang.IllegalArgumentException: Invalid parameter(s).
	at ca.mitmaro.ldb.Commands.listReferenceListsCommand(Commands.java:358)
	at ca.mitmaro.ldb.CommandsTest.listReferenceListsCommand_invalid(CommandsTest.java:189)
... Removed 24 stack frames</pre></div><a href='#' onClick='toggleBox("stack-trace1715062977", this, "Click to show all stack frames", "Click to hide stack frames")'>Click to show all stack frames</a>
<div class='stack-trace' id='stack-trace1715062977'><pre>java.lang.IllegalArgumentException: Invalid parameter(s).
	at ca.mitmaro.ldb.Commands.listReferenceListsCommand(Commands.java:358)
	at ca.mitmaro.ldb.CommandsTest.listReferenceListsCommand_invalid(CommandsTest.java:189)
	at sun.reflect.NativeMethodAccessorImpl.invoke0(Native Method)
	at sun.reflect.NativeMethodAccessorImpl.invoke(NativeMethodAccessorImpl.java:39)
	at sun.reflect.DelegatingMethodAccessorImpl.invoke(DelegatingMethodAccessorImpl.java:25)
	at java.lang.reflect.Method.invoke(Method.java:597)
	at org.testng.internal.MethodInvocationHelper.invokeMethod(MethodInvocationHelper.java:80)
	at org.testng.internal.Invoker.invokeMethod(Invoker.java:701)
	at org.testng.internal.Invoker.invokeTestMethod(Invoker.java:893)
	at org.testng.internal.Invoker.invokeTestMethods(Invoker.java:1218)
	at org.testng.internal.TestMethodWorker.invokeTestMethods(TestMethodWorker.java:127)
	at org.testng.internal.TestMethodWorker.run(TestMethodWorker.java:111)
	at org.testng.TestRunner.privateRun(TestRunner.java:768)
	at org.testng.TestRunner.run(TestRunner.java:617)
	at org.testng.SuiteRunner.runTest(SuiteRunner.java:334)
	at org.testng.SuiteRunner.runSequentially(SuiteRunner.java:329)
	at org.testng.SuiteRunner.privateRun(SuiteRunner.java:291)
	at org.testng.SuiteRunner.run(SuiteRunner.java:240)
	at org.testng.SuiteRunnerWorker.runSuite(SuiteRunnerWorker.java:53)
	at org.testng.SuiteRunnerWorker.run(SuiteRunnerWorker.java:87)
	at org.testng.TestNG.runSuitesSequentially(TestNG.java:1185)
	at org.testng.TestNG.runSuitesLocally(TestNG.java:1110)
	at org.testng.TestNG.run(TestNG.java:1022)
	at org.testng.remote.RemoteTestNG.run(RemoteTestNG.java:109)
	at org.testng.remote.RemoteTestNG.initAndRun(RemoteTestNG.java:202)
	at org.testng.remote.RemoteTestNG.main(RemoteTestNG.java:173)
</pre></div></td>
<td>0</td>
<td>ca.mitmaro.ldb.CommandsTest@4e513d61</td></tr>
<tr>
<td title='ca.mitmaro.ldb.CommandsTest.loadPaperListCommand()'><b>loadPaperListCommand</b><br>Test class: ca.mitmaro.ldb.CommandsTest</td>
<td></td>
<td>0</td>
<td>ca.mitmaro.ldb.CommandsTest@4e513d61</td></tr>
<tr>
<td title='ca.mitmaro.ldb.CommandsTest.loadPaperListCommand_invalidArgs()'><b>loadPaperListCommand_invalidArgs</b><br>Test class: ca.mitmaro.ldb.CommandsTest</td>
<td><div><pre>java.lang.IllegalArgumentException: Missing parameters.
	at ca.mitmaro.ldb.Commands.loadPaperListCommand(Commands.java:259)
	at ca.mitmaro.ldb.CommandsTest.loadPaperListCommand_invalidArgs(CommandsTest.java:206)
... Removed 24 stack frames</pre></div><a href='#' onClick='toggleBox("stack-trace589411738", this, "Click to show all stack frames", "Click to hide stack frames")'>Click to show all stack frames</a>
<div class='stack-trace' id='stack-trace589411738'><pre>java.lang.IllegalArgumentException: Missing parameters.
	at ca.mitmaro.ldb.Commands.loadPaperListCommand(Commands.java:259)
	at ca.mitmaro.ldb.CommandsTest.loadPaperListCommand_invalidArgs(CommandsTest.java:206)
	at sun.reflect.NativeMethodAccessorImpl.invoke0(Native Method)
	at sun.reflect.NativeMethodAccessorImpl.invoke(NativeMethodAccessorImpl.java:39)
	at sun.reflect.DelegatingMethodAccessorImpl.invoke(DelegatingMethodAccessorImpl.java:25)
	at java.lang.reflect.Method.invoke(Method.java:597)
	at org.testng.internal.MethodInvocationHelper.invokeMethod(MethodInvocationHelper.java:80)
	at org.testng.internal.Invoker.invokeMethod(Invoker.java:701)
	at org.testng.internal.Invoker.invokeTestMethod(Invoker.java:893)
	at org.testng.internal.Invoker.invokeTestMethods(Invoker.java:1218)
	at org.testng.internal.TestMethodWorker.invokeTestMethods(TestMethodWorker.java:127)
	at org.testng.internal.TestMethodWorker.run(TestMethodWorker.java:111)
	at org.testng.TestRunner.privateRun(TestRunner.java:768)
	at org.testng.TestRunner.run(TestRunner.java:617)
	at org.testng.SuiteRunner.runTest(SuiteRunner.java:334)
	at org.testng.SuiteRunner.runSequentially(SuiteRunner.java:329)
	at org.testng.SuiteRunner.privateRun(SuiteRunner.java:291)
	at org.testng.SuiteRunner.run(SuiteRunner.java:240)
	at org.testng.SuiteRunnerWorker.runSuite(SuiteRunnerWorker.java:53)
	at org.testng.SuiteRunnerWorker.run(SuiteRunnerWorker.java:87)
	at org.testng.TestNG.runSuitesSequentially(TestNG.java:1185)
	at org.testng.TestNG.runSuitesLocally(TestNG.java:1110)
	at org.testng.TestNG.run(TestNG.java:1022)
	at org.testng.remote.RemoteTestNG.run(RemoteTestNG.java:109)
	at org.testng.remote.RemoteTestNG.initAndRun(RemoteTestNG.java:202)
	at org.testng.remote.RemoteTestNG.main(RemoteTestNG.java:173)
</pre></div></td>
<td>0</td>
<td>ca.mitmaro.ldb.CommandsTest@4e513d61</td></tr>
<tr>
<td title='ca.mitmaro.ldb.CommandsTest.loadReferenceListCommand()'><b>loadReferenceListCommand</b><br>Test class: ca.mitmaro.ldb.CommandsTest</td>
<td></td>
<td>0</td>
<td>ca.mitmaro.ldb.CommandsTest@4e513d61</td></tr>
<tr>
<td title='ca.mitmaro.ldb.CommandsTest.loadReferenceListCommand_invalidArgs()'><b>loadReferenceListCommand_invalidArgs</b><br>Test class: ca.mitmaro.ldb.CommandsTest</td>
<td><div><pre>java.lang.IllegalArgumentException: Missing parameters.
	at ca.mitmaro.ldb.Commands.loadReferenceListCommand(Commands.java:298)
	at ca.mitmaro.ldb.CommandsTest.loadReferenceListCommand_invalidArgs(CommandsTest.java:223)
... Removed 24 stack frames</pre></div><a href='#' onClick='toggleBox("stack-trace1989851698", this, "Click to show all stack frames", "Click to hide stack frames")'>Click to show all stack frames</a>
<div class='stack-trace' id='stack-trace1989851698'><pre>java.lang.IllegalArgumentException: Missing parameters.
	at ca.mitmaro.ldb.Commands.loadReferenceListCommand(Commands.java:298)
	at ca.mitmaro.ldb.CommandsTest.loadReferenceListCommand_invalidArgs(CommandsTest.java:223)
	at sun.reflect.NativeMethodAccessorImpl.invoke0(Native Method)
	at sun.reflect.NativeMethodAccessorImpl.invoke(NativeMethodAccessorImpl.java:39)
	at sun.reflect.DelegatingMethodAccessorImpl.invoke(DelegatingMethodAccessorImpl.java:25)
	at java.lang.reflect.Method.invoke(Method.java:597)
	at org.testng.internal.MethodInvocationHelper.invokeMethod(MethodInvocationHelper.java:80)
	at org.testng.internal.Invoker.invokeMethod(Invoker.java:701)
	at org.testng.internal.Invoker.invokeTestMethod(Invoker.java:893)
	at org.testng.internal.Invoker.invokeTestMethods(Invoker.java:1218)
	at org.testng.internal.TestMethodWorker.invokeTestMethods(TestMethodWorker.java:127)
	at org.testng.internal.TestMethodWorker.run(TestMethodWorker.java:111)
	at org.testng.TestRunner.privateRun(TestRunner.java:768)
	at org.testng.TestRunner.run(TestRunner.java:617)
	at org.testng.SuiteRunner.runTest(SuiteRunner.java:334)
	at org.testng.SuiteRunner.runSequentially(SuiteRunner.java:329)
	at org.testng.SuiteRunner.privateRun(SuiteRunner.java:291)
	at org.testng.SuiteRunner.run(SuiteRunner.java:240)
	at org.testng.SuiteRunnerWorker.runSuite(SuiteRunnerWorker.java:53)
	at org.testng.SuiteRunnerWorker.run(SuiteRunnerWorker.java:87)
	at org.testng.TestNG.runSuitesSequentially(TestNG.java:1185)
	at org.testng.TestNG.runSuitesLocally(TestNG.java:1110)
	at org.testng.TestNG.run(TestNG.java:1022)
	at org.testng.remote.RemoteTestNG.run(RemoteTestNG.java:109)
	at org.testng.remote.RemoteTestNG.initAndRun(RemoteTestNG.java:202)
	at org.testng.remote.RemoteTestNG.main(RemoteTestNG.java:173)
</pre></div></td>
<td>0</td>
<td>ca.mitmaro.ldb.CommandsTest@4e513d61</td></tr>
</table><p>
</body>
</html>