<?xml version="1.0" encoding="UTF-8"?>
<!-- Generated by org.testng.reporters.JUnitXMLReporter -->
<testsuite hostname="Tim-Orams-MacBook-Air.local" name="Default test" tests="57" failures="4" timestamp="13 Mar 2012 04:27:15 GMT" time="0.541" errors="0">
  <testcase name="addToList_missingOldList" time="0.0050" classname="ca.mitmaro.ldb.entity.PHDThesisTest"/>
  <testcase name="setDataSet" time="0.0030" classname="ca.mitmaro.ldb.entity.PHDThesisTest"/>
  <testcase name="addPaperCommand" time="0.012" classname="ca.mitmaro.ldb.CommandsTest"/>
  <testcase name="addPaperCommand_fail" time="0.0" classname="ca.mitmaro.ldb.CommandsTest"/>
  <testcase name="addReferenceCommand" time="0.0010" classname="ca.mitmaro.ldb.CommandsTest"/>
  <testcase name="addReferenceCommand_fail" time="0.0" classname="ca.mitmaro.ldb.CommandsTest"/>
  <testcase name="clearPaperCommand" time="0.0" classname="ca.mitmaro.ldb.CommandsTest"/>
  <testcase name="clearPaperCommand_fail" time="0.0" classname="ca.mitmaro.ldb.CommandsTest"/>
  <testcase name="clearReferenceCommand" time="0.0" classname="ca.mitmaro.ldb.CommandsTest"/>
  <testcase name="clearReferenceCommand_fail" time="0.0" classname="ca.mitmaro.ldb.CommandsTest"/>
  <testcase name="editPaperCommand" time="0.034" classname="ca.mitmaro.ldb.CommandsTest"/>
  <testcase name="editPaperCommand_missingPaper" time="0.0080" classname="ca.mitmaro.ldb.CommandsTest"/>
  <testcase name="listPaperListsCommand" time="0.0010" classname="ca.mitmaro.ldb.CommandsTest"/>
  <testcase name="listPaperListsCommand_invalid" time="0.0010" classname="ca.mitmaro.ldb.CommandsTest"/>
  <testcase name="listReferenceListsCommand" time="0.0010" classname="ca.mitmaro.ldb.CommandsTest"/>
  <testcase name="listReferenceListsCommand_invalid" time="0.0010" classname="ca.mitmaro.ldb.CommandsTest"/>
  <testcase name="loadPaperListCommand" time="0.025" classname="ca.mitmaro.ldb.CommandsTest"/>
  <testcase name="loadPaperListCommand_invalidArgs" time="0.0010" classname="ca.mitmaro.ldb.CommandsTest"/>
  <testcase name="loadReferenceListCommand" time="0.0020" classname="ca.mitmaro.ldb.CommandsTest"/>
  <testcase name="loadReferenceListCommand_invalidArgs" time="0.0" classname="ca.mitmaro.ldb.CommandsTest"/>
  <testcase name="printCurrentWorkingPaperCommand" time="0.0" classname="ca.mitmaro.ldb.CommandsTest">
    <failure type="java.lang.RuntimeException" message="Test not implemented">
      <![CDATA[java.lang.RuntimeException: Test not implemented
	at ca.mitmaro.ldb.CommandsTest.printCurrentWorkingPaperCommand(CommandsTest.java:229)
	at sun.reflect.NativeMethodAccessorImpl.invoke0(Native Method)
	at sun.reflect.NativeMethodAccessorImpl.invoke(NativeMethodAccessorImpl.java:39)
	at sun.reflect.DelegatingMethodAccessorImpl.invoke(DelegatingMethodAccessorImpl.java:25)
	at java.lang.reflect.Method.invoke(Method.java:597)
	at org.testng.internal.MethodInvocationHelper.invokeMethod(MethodInvocationHelper.java:80)
	at org.testng.internal.Invoker.invokeMethod(Invoker.java:701)
	at org.testng.internal.Invoker.invokeTestMethod(Invoker.java:893)
	at org.testng.internal.Invoker.invokeTestMethods(Invoker.java:1218)
	at org.testng.internal.TestMethodWorker.invokeTestMethods(TestMethodWorker.java:127)
	at org.testng.internal.TestMethodWorker.run(TestMethodWorker.java:111)
	at org.testng.TestRunner.privateRun(TestRunner.java:768)
	at org.testng.TestRunner.run(TestRunner.java:617)
	at org.testng.SuiteRunner.runTest(SuiteRunner.java:334)
	at org.testng.SuiteRunner.runSequentially(SuiteRunner.java:329)
	at org.testng.SuiteRunner.privateRun(SuiteRunner.java:291)
	at org.testng.SuiteRunner.run(SuiteRunner.java:240)
	at org.testng.SuiteRunnerWorker.runSuite(SuiteRunnerWorker.java:53)
	at org.testng.SuiteRunnerWorker.run(SuiteRunnerWorker.java:87)
	at org.testng.TestNG.runSuitesSequentially(TestNG.java:1185)
	at org.testng.TestNG.runSuitesLocally(TestNG.java:1110)
	at org.testng.TestNG.run(TestNG.java:1022)
	at org.testng.remote.RemoteTestNG.run(RemoteTestNG.java:109)
	at org.testng.remote.RemoteTestNG.initAndRun(RemoteTestNG.java:202)
	at org.testng.remote.RemoteTestNG.main(RemoteTestNG.java:173)
]]>
    </failure>
  </testcase> <!-- printCurrentWorkingPaperCommand -->
  <testcase name="printPaperCommand" time="0.0010" classname="ca.mitmaro.ldb.CommandsTest">
    <failure type="java.lang.RuntimeException" message="Test not implemented">
      <![CDATA[java.lang.RuntimeException: Test not implemented
	at ca.mitmaro.ldb.CommandsTest.printPaperCommand(CommandsTest.java:234)
	at sun.reflect.NativeMethodAccessorImpl.invoke0(Native Method)
	at sun.reflect.NativeMethodAccessorImpl.invoke(NativeMethodAccessorImpl.java:39)
	at sun.reflect.DelegatingMethodAccessorImpl.invoke(DelegatingMethodAccessorImpl.java:25)
	at java.lang.reflect.Method.invoke(Method.java:597)
	at org.testng.internal.MethodInvocationHelper.invokeMethod(MethodInvocationHelper.java:80)
	at org.testng.internal.Invoker.invokeMethod(Invoker.java:701)
	at org.testng.internal.Invoker.invokeTestMethod(Invoker.java:893)
	at org.testng.internal.Invoker.invokeTestMethods(Invoker.java:1218)
	at org.testng.internal.TestMethodWorker.invokeTestMethods(TestMethodWorker.java:127)
	at org.testng.internal.TestMethodWorker.run(TestMethodWorker.java:111)
	at org.testng.TestRunner.privateRun(TestRunner.java:768)
	at org.testng.TestRunner.run(TestRunner.java:617)
	at org.testng.SuiteRunner.runTest(SuiteRunner.java:334)
	at org.testng.SuiteRunner.runSequentially(SuiteRunner.java:329)
	at org.testng.SuiteRunner.privateRun(SuiteRunner.java:291)
	at org.testng.SuiteRunner.run(SuiteRunner.java:240)
	at org.testng.SuiteRunnerWorker.runSuite(SuiteRunnerWorker.java:53)
	at org.testng.SuiteRunnerWorker.run(SuiteRunnerWorker.java:87)
	at org.testng.TestNG.runSuitesSequentially(TestNG.java:1185)
	at org.testng.TestNG.runSuitesLocally(TestNG.java:1110)
	at org.testng.TestNG.run(TestNG.java:1022)
	at org.testng.remote.RemoteTestNG.run(RemoteTestNG.java:109)
	at org.testng.remote.RemoteTestNG.initAndRun(RemoteTestNG.java:202)
	at org.testng.remote.RemoteTestNG.main(RemoteTestNG.java:173)
]]>
    </failure>
  </testcase> <!-- printPaperCommand -->
  <testcase name="printReferenceCommand" time="0.0" classname="ca.mitmaro.ldb.CommandsTest">
    <failure type="java.lang.RuntimeException" message="Test not implemented">
      <![CDATA[java.lang.RuntimeException: Test not implemented
	at ca.mitmaro.ldb.CommandsTest.printReferenceCommand(CommandsTest.java:239)
	at sun.reflect.NativeMethodAccessorImpl.invoke0(Native Method)
	at sun.reflect.NativeMethodAccessorImpl.invoke(NativeMethodAccessorImpl.java:39)
	at sun.reflect.DelegatingMethodAccessorImpl.invoke(DelegatingMethodAccessorImpl.java:25)
	at java.lang.reflect.Method.invoke(Method.java:597)
	at org.testng.internal.MethodInvocationHelper.invokeMethod(MethodInvocationHelper.java:80)
	at org.testng.internal.Invoker.invokeMethod(Invoker.java:701)
	at org.testng.internal.Invoker.invokeTestMethod(Invoker.java:893)
	at org.testng.internal.Invoker.invokeTestMethods(Invoker.java:1218)
	at org.testng.internal.TestMethodWorker.invokeTestMethods(TestMethodWorker.java:127)
	at org.testng.internal.TestMethodWorker.run(TestMethodWorker.java:111)
	at org.testng.TestRunner.privateRun(TestRunner.java:768)
	at org.testng.TestRunner.run(TestRunner.java:617)
	at org.testng.SuiteRunner.runTest(SuiteRunner.java:334)
	at org.testng.SuiteRunner.runSequentially(SuiteRunner.java:329)
	at org.testng.SuiteRunner.privateRun(SuiteRunner.java:291)
	at org.testng.SuiteRunner.run(SuiteRunner.java:240)
	at org.testng.SuiteRunnerWorker.runSuite(SuiteRunnerWorker.java:53)
	at org.testng.SuiteRunnerWorker.run(SuiteRunnerWorker.java:87)
	at org.testng.TestNG.runSuitesSequentially(TestNG.java:1185)
	at org.testng.TestNG.runSuitesLocally(TestNG.java:1110)
	at org.testng.TestNG.run(TestNG.java:1022)
	at org.testng.remote.RemoteTestNG.run(RemoteTestNG.java:109)
	at org.testng.remote.RemoteTestNG.initAndRun(RemoteTestNG.java:202)
	at org.testng.remote.RemoteTestNG.main(RemoteTestNG.java:173)
]]>
    </failure>
  </testcase> <!-- printReferenceCommand -->
  <testcase name="setCurrentWorkingPaperCommand" time="0.0010" classname="ca.mitmaro.ldb.CommandsTest">
    <failure type="java.lang.RuntimeException" message="Test not implemented">
      <![CDATA[java.lang.RuntimeException: Test not implemented
	at ca.mitmaro.ldb.CommandsTest.setCurrentWorkingPaperCommand(CommandsTest.java:244)
	at sun.reflect.NativeMethodAccessorImpl.invoke0(Native Method)
	at sun.reflect.NativeMethodAccessorImpl.invoke(NativeMethodAccessorImpl.java:39)
	at sun.reflect.DelegatingMethodAccessorImpl.invoke(DelegatingMethodAccessorImpl.java:25)
	at java.lang.reflect.Method.invoke(Method.java:597)
	at org.testng.internal.MethodInvocationHelper.invokeMethod(MethodInvocationHelper.java:80)
	at org.testng.internal.Invoker.invokeMethod(Invoker.java:701)
	at org.testng.internal.Invoker.invokeTestMethod(Invoker.java:893)
	at org.testng.internal.Invoker.invokeTestMethods(Invoker.java:1218)
	at org.testng.internal.TestMethodWorker.invokeTestMethods(TestMethodWorker.java:127)
	at org.testng.internal.TestMethodWorker.run(TestMethodWorker.java:111)
	at org.testng.TestRunner.privateRun(TestRunner.java:768)
	at org.testng.TestRunner.run(TestRunner.java:617)
	at org.testng.SuiteRunner.runTest(SuiteRunner.java:334)
	at org.testng.SuiteRunner.runSequentially(SuiteRunner.java:329)
	at org.testng.SuiteRunner.privateRun(SuiteRunner.java:291)
	at org.testng.SuiteRunner.run(SuiteRunner.java:240)
	at org.testng.SuiteRunnerWorker.runSuite(SuiteRunnerWorker.java:53)
	at org.testng.SuiteRunnerWorker.run(SuiteRunnerWorker.java:87)
	at org.testng.TestNG.runSuitesSequentially(TestNG.java:1185)
	at org.testng.TestNG.runSuitesLocally(TestNG.java:1110)
	at org.testng.TestNG.run(TestNG.java:1022)
	at org.testng.remote.RemoteTestNG.run(RemoteTestNG.java:109)
	at org.testng.remote.RemoteTestNG.initAndRun(RemoteTestNG.java:202)
	at org.testng.remote.RemoteTestNG.main(RemoteTestNG.java:173)
]]>
    </failure>
  </testcase> <!-- setCurrentWorkingPaperCommand -->
  <testcase name="setDataSet" time="0.0010" classname="ca.mitmaro.ldb.entity.JournalPaperTest"/>
  <testcase name="addToList_missingOldList" time="0.0010" classname="ca.mitmaro.ldb.entity.BookChapterTest"/>
  <testcase name="setDataSet" time="0.0030" classname="ca.mitmaro.ldb.entity.BookChapterTest"/>
  <testcase name="addToList_missingOldList" time="0.0" classname="ca.mitmaro.ldb.entity.ConferencePaperTest"/>
  <testcase name="setDataSet" time="0.0010" classname="ca.mitmaro.ldb.entity.ConferencePaperTest"/>
  <testcase name="addToList_missingOldList" time="0.0" classname="ca.mitmaro.ldb.entity.BookTest"/>
  <testcase name="setDataSet" time="0.0010" classname="ca.mitmaro.ldb.entity.BookTest"/>
  <testcase name="getPrintable" time="0.0050" classname="ca.mitmaro.ldb.entity.PHDThesisTest"/>
  <testcase name="updateField" time="0.0" classname="ca.mitmaro.ldb.entity.PHDThesisTest"/>
  <testcase name="getPages_differentPage" time="0.0010" classname="ca.mitmaro.ldb.entity.JournalPaperTest"/>
  <testcase name="getPages_samePage" time="0.0010" classname="ca.mitmaro.ldb.entity.JournalPaperTest"/>
  <testcase name="getPrintable" time="0.0" classname="ca.mitmaro.ldb.entity.JournalPaperTest"/>
  <testcase name="update" time="0.0010" classname="ca.mitmaro.ldb.entity.JournalPaperTest"/>
  <testcase name="getPages_differentPage" time="0.0" classname="ca.mitmaro.ldb.entity.BookChapterTest"/>
  <testcase name="getPages_samePage" time="0.0010" classname="ca.mitmaro.ldb.entity.BookChapterTest"/>
  <testcase name="getPrintable" time="0.0010" classname="ca.mitmaro.ldb.entity.BookChapterTest"/>
  <testcase name="update" time="0.0" classname="ca.mitmaro.ldb.entity.BookChapterTest"/>
  <testcase name="getPages_differentPage" time="0.0010" classname="ca.mitmaro.ldb.entity.ConferencePaperTest"/>
  <testcase name="getPages_samePage" time="0.0010" classname="ca.mitmaro.ldb.entity.ConferencePaperTest"/>
  <testcase name="getPrintable" time="0.0060" classname="ca.mitmaro.ldb.entity.ConferencePaperTest"/>
  <testcase name="updateField" time="0.0" classname="ca.mitmaro.ldb.entity.ConferencePaperTest"/>
  <testcase name="getPrintable" time="0.0010" classname="ca.mitmaro.ldb.entity.BookTest"/>
  <testcase name="update" time="0.0" classname="ca.mitmaro.ldb.entity.BookTest"/>
  <testcase name="addCitation" time="0.0010" classname="ca.mitmaro.ldb.entity.PaperTest"/>
  <testcase name="addToList_missingOldList" time="0.0010" classname="ca.mitmaro.ldb.entity.PaperTest"/>
  <testcase name="getAuthorFirst_Fail" time="0.0010" classname="ca.mitmaro.ldb.entity.PaperTest"/>
  <testcase name="getAuthorLast_Fail" time="0.0020" classname="ca.mitmaro.ldb.entity.PaperTest"/>
  <testcase name="getYear_Fail" time="0.0020" classname="ca.mitmaro.ldb.entity.PaperTest"/>
  <testcase name="setDataSet" time="0.0010" classname="ca.mitmaro.ldb.entity.PaperTest"/>
  <testcase name="addToList_Success" time="0.0010" classname="ca.mitmaro.ldb.entity.PaperTest"/>
  <testcase name="getTitle_Fail" time="0.0020" classname="ca.mitmaro.ldb.entity.PaperTest"/>
  <testcase name="update" time="0.0010" classname="ca.mitmaro.ldb.entity.PaperTest"/>
  <testcase name="addReference" time="0.0010" classname="ca.mitmaro.ldb.entity.PaperTest"/>
</testsuite> <!-- Default test -->
